#
# There is insufficient memory for the Java Runtime Environment to continue.
# Native memory allocation (mmap) failed to map 264241152 bytes for Failed to commit area from 0x0000000704a00000 to 0x0000000714600000 of length 264241152.
# Possible reasons:
#   The system is out of physical RAM or swap space
#   The process is running with CompressedOops enabled, and the Java Heap may be blocking the growth of the native heap
# Possible solutions:
#   Reduce memory load on the system
#   Increase physical memory or swap space
#   Check if swap backing store is full
#   Decrease Java heap size (-Xmx/-Xms)
#   Decrease number of Java threads
#   Decrease Java thread stack sizes (-Xss)
#   Set larger code cache with -XX:ReservedCodeCacheSize=
# This output file may be truncated or incomplete.
#
#  Out of Memory Error (./src/hotspot/os/windows/os_windows.cpp:3387), pid=19592, tid=19656
#
# JRE version:  (11.0.14.1+1) (build )
# Java VM: OpenJDK 64-Bit Server VM (11.0.14.1+1, mixed mode, sharing, tiered, compressed oops, g1 gc, windows-amd64)
# No core dump will be written. Minidumps are not enabled by default on client versions of Windows
#

---------------  S U M M A R Y ------------

Command Line: -Dfile.encoding=UTF-8 org.gradle.launcher.GradleMain -Dorg.gradle.jvmargs=-Xmx4096m --stop

Host: 13th Gen Intel(R) Core(TM) i5-13420H, 12 cores, 15G,  Windows 11 , 64 bit Build 22621 (10.0.22621.3374)
Time: Mon Apr 22 10:46:09 2024 India Standard Time elapsed time: 0.006680 seconds (0d 0h 0m 0s)

---------------  T H R E A D  ---------------

Current thread (0x0000028ffda30000):  JavaThread "Unknown thread" [_thread_in_vm, id=19656, stack(0x000000f2c8e00000,0x000000f2c8f00000)]

Stack: [0x000000f2c8e00000,0x000000f2c8f00000]
Native frames: (J=compiled Java code, j=interpreted, Vv=VM code, C=native code)
V  [jvm.dll+0x61e59a]
V  [jvm.dll+0x7aaca9]
V  [jvm.dll+0x7ac398]
V  [jvm.dll+0x7aca73]
V  [jvm.dll+0x24f9b8]
V  [jvm.dll+0x61b83a]
V  [jvm.dll+0x6100c5]
V  [jvm.dll+0x30772c]
V  [jvm.dll+0x3075b2]
V  [jvm.dll+0x30c2d6]
V  [jvm.dll+0x35272f]
V  [jvm.dll+0x352160]
V  [jvm.dll+0x2e4728]
V  [jvm.dll+0x2e5886]
V  [jvm.dll+0x784b07]
V  [jvm.dll+0x78628f]
V  [jvm.dll+0x35f479]
V  [jvm.dll+0x767aa0]
V  [jvm.dll+0x3ccf1f]
V  [jvm.dll+0x3cf2b1]
C  [jli.dll+0x5207]
C  [ucrtbase.dll+0x29333]
C  [KERNEL32.DLL+0x1257d]
C  [ntdll.dll+0x5aa48]


---------------  P R O C E S S  ---------------

Threads class SMR info:
_java_thread_list=0x0000028ffd865660, length=0, elements={
}

Java Threads: ( => current thread )

Other Threads:
  0x0000028ffda47000 GCTaskThread "GC Thread#0" [stack: 0x000000f2c8f00000,0x000000f2c9000000] [id=19664]
  0x0000028ffdaa5800 ConcurrentGCThread "G1 Main Marker" [stack: 0x000000f2c9000000,0x000000f2c9100000] [id=19668]
  0x0000028ffdaa9000 ConcurrentGCThread "G1 Conc#0" [stack: 0x000000f2c9100000,0x000000f2c9200000] [id=19672]

[error occurred during error reporting (printing all threads), id 0xc0000005, EXCEPTION_ACCESS_VIOLATION (0xc0000005) at pc=0x00007fff31363ef7]

VM state:not at safepoint (not fully initialized)

VM Mutex/Monitor currently owned by a thread:  ([mutex/lock_event])
[0x0000028ffda2a5c0] Heap_lock - owner thread: 0x0000028ffda30000

Heap address: 0x0000000704a00000, size: 4022 MB, Compressed Oops mode: Non-zero based: 0x0000000704a00000
Narrow klass base: 0x0000000000000000, Narrow klass shift: 0

GC Heap History (0 events):
No events

Deoptimization events (0 events):
No events

Classes redefined (0 events):
No events

Internal exceptions (0 events):
No events

Events (1 events):
Event: 0.004 Loaded shared library X:\unity\2022.3.17f1\Editor\Data\PlaybackEngines\AndroidPlayer\OpenJDK\bin\zip.dll


Dynamic libraries:
0x00007ff7ae5d0000 - 0x00007ff7ae5dd000 	X:\unity\2022.3.17f1\Editor\Data\PlaybackEngines\AndroidPlayer\OpenJDK\bin\java.exe
0x00007fffb5590000 - 0x00007fffb57a6000 	C:\Windows\SYSTEM32\ntdll.dll
0x00007fffb3f40000 - 0x00007fffb4004000 	C:\Windows\System32\KERNEL32.DLL
0x00007fffb2f10000 - 0x00007fffb32b7000 	C:\Windows\System32\KERNELBASE.dll
0x00007fffb2a20000 - 0x00007fffb2b31000 	C:\Windows\System32\ucrtbase.dll
0x00007fff5eb90000 - 0x00007fff5eba7000 	X:\unity\2022.3.17f1\Editor\Data\PlaybackEngines\AndroidPlayer\OpenJDK\bin\jli.dll
0x00007fff5eb70000 - 0x00007fff5eb85000 	X:\unity\2022.3.17f1\Editor\Data\PlaybackEngines\AndroidPlayer\OpenJDK\bin\VCRUNTIME140.dll
0x00007fffb48b0000 - 0x00007fffb4a5e000 	C:\Windows\System32\USER32.dll
0x00007fffb2eb0000 - 0x00007fffb2ed6000 	C:\Windows\System32\win32u.dll
0x00007fff9f340000 - 0x00007fff9f5d3000 	C:\Windows\WinSxS\amd64_microsoft.windows.common-controls_6595b64144ccf1df_6.0.22621.3235_none_270f74e173860f98\COMCTL32.dll
0x00007fffb4590000 - 0x00007fffb45b9000 	C:\Windows\System32\GDI32.dll
0x00007fffb3740000 - 0x00007fffb37e7000 	C:\Windows\System32\msvcrt.dll
0x00007fffb2d90000 - 0x00007fffb2ea9000 	C:\Windows\System32\gdi32full.dll
0x00007fffb2bb0000 - 0x00007fffb2c4a000 	C:\Windows\System32\msvcp_win.dll
0x00007fffb36e0000 - 0x00007fffb3711000 	C:\Windows\System32\IMM32.DLL
0x00007fff5d5e0000 - 0x00007fff5d67b000 	X:\unity\2022.3.17f1\Editor\Data\PlaybackEngines\AndroidPlayer\OpenJDK\bin\msvcp140.dll
0x00007fff31070000 - 0x00007fff31bf1000 	X:\unity\2022.3.17f1\Editor\Data\PlaybackEngines\AndroidPlayer\OpenJDK\bin\server\jvm.dll
0x00007fffb4ad0000 - 0x00007fffb4b82000 	C:\Windows\System32\ADVAPI32.dll
0x00007fffb3630000 - 0x00007fffb36d8000 	C:\Windows\System32\sechost.dll
0x00007fffb2ee0000 - 0x00007fffb2f08000 	C:\Windows\System32\bcrypt.dll
0x00007fffb4650000 - 0x00007fffb4765000 	C:\Windows\System32\RPCRT4.dll
0x00007fffb37f0000 - 0x00007fffb37f8000 	C:\Windows\System32\PSAPI.DLL
0x00007fffaca30000 - 0x00007fffaca39000 	C:\Windows\SYSTEM32\WSOCK32.dll
0x00007fffa90c0000 - 0x00007fffa90f4000 	C:\Windows\SYSTEM32\WINMM.dll
0x00007fffa89e0000 - 0x00007fffa89ea000 	C:\Windows\SYSTEM32\VERSION.dll
0x00007fffb3800000 - 0x00007fffb3871000 	C:\Windows\System32\WS2_32.dll
0x00007fffb19a0000 - 0x00007fffb19b8000 	C:\Windows\SYSTEM32\kernel.appcore.dll
0x00007fff5eb60000 - 0x00007fff5eb70000 	X:\unity\2022.3.17f1\Editor\Data\PlaybackEngines\AndroidPlayer\OpenJDK\bin\verify.dll
0x00007fffb0140000 - 0x00007fffb0373000 	C:\Windows\SYSTEM32\DBGHELP.DLL
0x00007fffb3ab0000 - 0x00007fffb3e38000 	C:\Windows\System32\combase.dll
0x00007fffb4770000 - 0x00007fffb4847000 	C:\Windows\System32\OLEAUT32.dll
0x00007fff6f170000 - 0x00007fff6f1a2000 	C:\Windows\SYSTEM32\dbgcore.DLL
0x00007fffb2c50000 - 0x00007fffb2cc9000 	C:\Windows\System32\bcryptPrimitives.dll
0x00007fff5eb30000 - 0x00007fff5eb58000 	X:\unity\2022.3.17f1\Editor\Data\PlaybackEngines\AndroidPlayer\OpenJDK\bin\java.dll
0x00007fff5eb20000 - 0x00007fff5eb2a000 	X:\unity\2022.3.17f1\Editor\Data\PlaybackEngines\AndroidPlayer\OpenJDK\bin\jimage.dll
0x00007fff5d5c0000 - 0x00007fff5d5d8000 	X:\unity\2022.3.17f1\Editor\Data\PlaybackEngines\AndroidPlayer\OpenJDK\bin\zip.dll

dbghelp: loaded successfully - version: 4.0.5 - missing functions: none
symbol engine: initialized successfully - sym options: 0x614 - pdb path: .;X:\unity\2022.3.17f1\Editor\Data\PlaybackEngines\AndroidPlayer\OpenJDK\bin;C:\Windows\SYSTEM32;C:\Windows\WinSxS\amd64_microsoft.windows.common-controls_6595b64144ccf1df_6.0.22621.3235_none_270f74e173860f98;X:\unity\2022.3.17f1\Editor\Data\PlaybackEngines\AndroidPlayer\OpenJDK\bin\server

VM Arguments:
jvm_args: -Dfile.encoding=UTF-8 
java_command: org.gradle.launcher.GradleMain -Dorg.gradle.jvmargs=-Xmx4096m --stop
java_class_path (initial): X:\unity\2022.3.17f1\Editor\Data\PlaybackEngines\AndroidPlayer\Tools\gradle\lib\gradle-launcher-7.2.jar
Launcher Type: SUN_STANDARD

[Global flags]
     intx CICompilerCount                          = 4                                         {product} {ergonomic}
     uint ConcGCThreads                            = 3                                         {product} {ergonomic}
     uint G1ConcRefinementThreads                  = 10                                        {product} {ergonomic}
   size_t G1HeapRegionSize                         = 1048576                                   {product} {ergonomic}
    uintx GCDrainStackTargetSize                   = 64                                        {product} {ergonomic}
   size_t InitialHeapSize                          = 264241152                                 {product} {ergonomic}
   size_t MarkStackSize                            = 4194304                                   {product} {ergonomic}
   size_t MaxHeapSize                              = 4217372672                                {product} {ergonomic}
   size_t MinHeapDeltaBytes                        = 1048576                                   {product} {ergonomic}
    uintx NonNMethodCodeHeapSize                   = 5836300                                {pd product} {ergonomic}
    uintx NonProfiledCodeHeapSize                  = 122910970                              {pd product} {ergonomic}
    uintx ProfiledCodeHeapSize                     = 122910970                              {pd product} {ergonomic}
    uintx ReservedCodeCacheSize                    = 251658240                              {pd product} {ergonomic}
     bool SegmentedCodeCache                       = true                                      {product} {ergonomic}
     bool UseCompressedClassPointers               = true                                 {lp64_product} {ergonomic}
     bool UseCompressedOops                        = true                                 {lp64_product} {ergonomic}
     bool UseG1GC                                  = true                                      {product} {ergonomic}
     bool UseLargePagesIndividualAllocation        = false                                  {pd product} {ergonomic}

Logging:
Log output configuration:
 #0: stdout all=warning uptime,level,tags
 #1: stderr all=off uptime,level,tags

Environment Variables:
JAVA_HOME=X:\unity\2022.3.17f1\Editor\Data\PlaybackEngines\AndroidPlayer\OpenJDK
JAVA_TOOL_OPTIONS=-Dfile.encoding=UTF-8
PATH=C:\Program Files (x86)\Common Files\Intel\Shared Libraries\redist\intel64\compiler;C:\Windows\system32;C:\Windows;C:\Windows\System32\Wbem;C:\Windows\System32\WindowsPowerShell\v1.0\;C:\Windows\System32\OpenSSH\;C:\Program Files (x86)\NVIDIA Corporation\PhysX\Common;C:\Program Files\NVIDIA Corporation\NVIDIA NvDLISR;C:\Users\mssau\AppData\Local\Microsoft\WindowsApps;X:\Microsoft VS Code\bin
USERNAME=mssau
OS=Windows_NT
PROCESSOR_IDENTIFIER=Intel64 Family 6 Model 186 Stepping 2, GenuineIntel



---------------  S Y S T E M  ---------------

OS: Windows 11 , 64 bit Build 22621 (10.0.22621.3374)
OS uptime: 0 days 0:41 hours
Hyper-V role detected

CPU:total 12 (initial active 12) (6 cores per cpu, 2 threads per core) family 6 model 186 stepping 2 microcode 0x4112, cmov, cx8, fxsr, mmx, sse, sse2, sse3, ssse3, sse4.1, sse4.2, popcnt, avx, avx2, aes, clmul, erms, 3dnowpref, lzcnt, ht, tsc, tscinvbit, bmi1, bmi2, adx, sha, fma

Memory: 4k page, system-wide physical 16087M (4127M free)
TotalPageFile size 16203M (AvailPageFile size 110M)
current process WorkingSet (physical memory assigned to process): 10M, peak: 10M
current process commit charge ("private bytes"): 65M, peak: 316M

vm_info: OpenJDK 64-Bit Server VM (11.0.14.1+1) for windows-amd64 JRE (11.0.14.1+1), built on Feb  9 2022 01:48:27 by "" with unknown MS VC++:1916

END.
